	linux-vdso.so.1 =>  (0x00007ffe7bb90000)
	libQt5PrintSupport.so.5 => /home/neli/Qt/5.4/gcc_64/lib/libQt5PrintSupport.so.5 (0x00007f1671c4d000)
	libQt5Widgets.so.5 => /home/neli/Qt/5.4/gcc_64/lib/libQt5Widgets.so.5 (0x00007f16713c7000)
	libQt5Gui.so.5 => /home/neli/Qt/5.4/gcc_64/lib/libQt5Gui.so.5 (0x00007f1670c09000)
	libQt5Network.so.5 => /home/neli/Qt/5.4/gcc_64/lib/libQt5Network.so.5 (0x00007f16708a3000)
	libQt5Core.so.5 => /home/neli/Qt/5.4/gcc_64/lib/libQt5Core.so.5 (0x00007f1670167000)
	libpthread.so.0 => /lib/x86_64-linux-gnu/libpthread.so.0 (0x00007f166ff22000)
	libstdc++.so.6 => /usr/lib/x86_64-linux-gnu/libstdc++.so.6 (0x00007f166fc13000)
	libm.so.6 => /lib/x86_64-linux-gnu/libm.so.6 (0x00007f166f90b000)
	libgomp.so.1 => /usr/lib/x86_64-linux-gnu/libgomp.so.1 (0x00007f166f6f3000)
	libgcc_s.so.1 => /lib/x86_64-linux-gnu/libgcc_s.so.1 (0x00007f166f4dd000)
	libc.so.6 => /lib/x86_64-linux-gnu/libc.so.6 (0x00007f166f113000)
	libgobject-2.0.so.0 => /usr/lib/x86_64-linux-gnu/libgobject-2.0.so.0 (0x00007f166eec0000)
	libglib-2.0.so.0 => /lib/x86_64-linux-gnu/libglib-2.0.so.0 (0x00007f166ebb1000)
	libX11.so.6 => /usr/lib/x86_64-linux-gnu/libX11.so.6 (0x00007f166e878000)
	libGL.so.1 => /usr/lib/x86_64-linux-gnu/mesa/libGL.so.1 (0x00007f166e5db000)
	libicui18n.so.53 => /home/neli/Qt/5.4/gcc_64/lib/libicui18n.so.53 (0x00007f166e18f000)
	libicuuc.so.53 => /home/neli/Qt/5.4/gcc_64/lib/libicuuc.so.53 (0x00007f166de04000)
	libdl.so.2 => /lib/x86_64-linux-gnu/libdl.so.2 (0x00007f166dbff000)
	libgthread-2.0.so.0 => /usr/lib/x86_64-linux-gnu/libgthread-2.0.so.0 (0x00007f166d9fd000)
	librt.so.1 => /lib/x86_64-linux-gnu/librt.so.1 (0x00007f166d7f5000)
	/lib64/ld-linux-x86-64.so.2 (0x00007f1671ebf000)
	libffi.so.6 => /usr/lib/x86_64-linux-gnu/libffi.so.6 (0x00007f166d5ec000)
	libpcre.so.3 => /lib/x86_64-linux-gnu/libpcre.so.3 (0x00007f166d37f000)
	libxcb.so.1 => /usr/lib/x86_64-linux-gnu/libxcb.so.1 (0x00007f166d15f000)
	libexpat.so.1 => /lib/x86_64-linux-gnu/libexpat.so.1 (0x00007f166cf36000)
	libglapi.so.0 => /usr/lib/x86_64-linux-gnu/libglapi.so.0 (0x00007f166cd0c000)
	libXext.so.6 => /usr/lib/x86_64-linux-gnu/libXext.so.6 (0x00007f166caf9000)
	libXdamage.so.1 => /usr/lib/x86_64-linux-gnu/libXdamage.so.1 (0x00007f166c8f6000)
	libXfixes.so.3 => /usr/lib/x86_64-linux-gnu/libXfixes.so.3 (0x00007f166c6f0000)
	libX11-xcb.so.1 => /usr/lib/x86_64-linux-gnu/libX11-xcb.so.1 (0x00007f166c4ed000)
	libxcb-glx.so.0 => /usr/lib/x86_64-linux-gnu/libxcb-glx.so.0 (0x00007f166c2d6000)
	libxcb-dri2.so.0 => /usr/lib/x86_64-linux-gnu/libxcb-dri2.so.0 (0x00007f166c0d1000)
	libxcb-dri3.so.0 => /usr/lib/x86_64-linux-gnu/libxcb-dri3.so.0 (0x00007f166becd000)
	libxcb-present.so.0 => /usr/lib/x86_64-linux-gnu/libxcb-present.so.0 (0x00007f166bcca000)
	libxcb-sync.so.1 => /usr/lib/x86_64-linux-gnu/libxcb-sync.so.1 (0x00007f166bac4000)
	libxshmfence.so.1 => /usr/lib/x86_64-linux-gnu/libxshmfence.so.1 (0x00007f166b8c1000)
	libXxf86vm.so.1 => /usr/lib/x86_64-linux-gnu/libXxf86vm.so.1 (0x00007f166b6bb000)
	libdrm.so.2 => /usr/lib/x86_64-linux-gnu/libdrm.so.2 (0x00007f166b4ae000)
	libicudata.so.53 => /home/neli/Qt/5.4/gcc_64/lib/libicudata.so.53 (0x00007f1669e25000)
	libXau.so.6 => /usr/lib/x86_64-linux-gnu/libXau.so.6 (0x00007f1669c21000)
	libXdmcp.so.6 => /usr/lib/x86_64-linux-gnu/libXdmcp.so.6 (0x00007f1669a1a000)
